Build started 21/06/2013 1:21:34 p.m..
     1>Project "C:\Users\Oliver\PROGRAMMING\CINDER_PROJECTS\godComplex_05\vc10\godComplex.vcxproj" on node 2 (build target(s)).
     1>InitializeBuildStatus:
         Touching "Release\godComplex.unsuccessfulbuild".
       ClCompile:
         All outputs are up-to-date.
       ResourceCompile:
         C:\Program Files (x86)\Microsoft Visual Studio 10.0\VC\bin\rc.exe /D _UNICODE /D UNICODE /l"0x0409" /IC:\Cinder\cinder\include /I..\..\..\..\cinder\include /I..\include /nologo /fo"Release\Resources.res" Resources.rc 
     1>C:\Program Files (x86)\MSBuild\Microsoft.Cpp\v4.0\Microsoft.CppCommon.targets(404,5): error MSB6006: "rc.exe" exited with code -1073741819.
     1>Done Building Project "C:\Users\Oliver\PROGRAMMING\CINDER_PROJECTS\godComplex_05\vc10\godComplex.vcxproj" (build target(s)) -- FAILED.

Build FAILED.

Time Elapsed 00:00:03.09
